2026-06-25T08:19:10Z INF Thank you for trying Cloudflare Tunnel. Doing so, without a Cloudflare account, is a quick way to experiment and try it out. However, be aware that these account-less Tunnels have no uptime guarantee, are subject to the Cloudflare Online Services Terms of Use (https://www.cloudflare.com/website-terms/), and Cloudflare reserves the right to investigate your use of Tunnels for violations of such terms. If you intend to use Tunnels in production you should use a pre-created named tunnel by following: https://developers.cloudflare.com/cloudflare-one/connections/connect-apps
2026-06-25T08:19:10Z INF Requesting new quick Tunnel on trycloudflare.com...
2026-06-25T08:19:16Z INF +--------------------------------------------------------------------------------------------+
2026-06-25T08:19:16Z INF |  Your quick Tunnel has been created! Visit it at (it may take some time to be reachable):  |
2026-06-25T08:19:16Z INF |  https://provides-due-offers-texts.trycloudflare.com                                       |
2026-06-25T08:19:16Z INF +--------------------------------------------------------------------------------------------+
2026-06-25T08:19:16Z INF Cannot determine default configuration path. No file [config.yml config.yaml] in [~/.cloudflared ~/.cloudflare-warp ~/cloudflare-warp /etc/cloudflared /usr/local/etc/cloudflared]
2026-06-25T08:19:16Z INF Version 2026.6.1 (Checksum dc91c8e5e2c02b802c5daa06867e1d74a909af2a89f83c5ac5ac1703222edcc0)
2026-06-25T08:19:16Z INF GOOS: darwin, GOVersion: go1.26.4, GoArch: arm64
2026-06-25T08:19:16Z INF Settings: map[ha-connections:1 no-autoupdate:true protocol:quic url:http://localhost:8080]
2026-06-25T08:19:16Z INF cloudflared will not automatically update if installed by a package manager.
2026-06-25T08:19:16Z INF Generated Connector ID: a4a54206-e52e-42dd-9f19-94ca5c8bb7df
2026-06-25T08:19:16Z INF Initial protocol quic
2026-06-25T08:19:16Z INF ICMP proxy will use 10.21.2.59 as source for IPv4
2026-06-25T08:19:16Z INF ICMP proxy will use fe80::1045:8b9a:eaae:c211 in zone en0 as source for IPv6
2026-06-25T08:19:16Z INF Created ICMP proxy listening on 10.21.2.59:0
2026-06-25T08:19:16Z INF ICMP proxy will use 10.21.2.59 as source for IPv4
2026-06-25T08:19:16Z INF ICMP proxy will use fe80::1045:8b9a:eaae:c211 in zone en0 as source for IPv6
2026-06-25T08:19:16Z INF Starting metrics server on 127.0.0.1:20241/metrics
2026-06-25T08:19:16Z INF Tunnel connection curve preferences: [X25519MLKEM768 CurveID(65074) CurveP256] connIndex=0 event=0 ip=198.41.192.27
2026-06-25T08:19:17Z INF Registered tunnel connection connIndex=0 connection=1e41a1d3-40f8-4fb8-90e3-1398d7bc33b8 event=0 ip=198.41.192.27 location=vie07 protocol=quic
2026-06-25T08:19:22Z INF +-------------------------------------------------------------------------------------+
2026-06-25T08:19:22Z INF |                               CONNECTIVITY PRE-CHECKS                               |
2026-06-25T08:19:22Z INF +-------------------------------------------------------------------------------------+
2026-06-25T08:19:22Z INF |  COMPONENT         TARGET                     STATUS  DETAILS                       |
2026-06-25T08:19:22Z INF |  DNS Resolution    region1.v2.argotunnel.com  PASS    DNS Resolved successfully     |
2026-06-25T08:19:22Z INF |  DNS Resolution    region2.v2.argotunnel.com  PASS    DNS Resolved successfully     |
2026-06-25T08:19:22Z INF |  UDP Connectivity  region1.v2.argotunnel.com  PASS    QUIC connection successful    |
2026-06-25T08:19:22Z INF |  UDP Connectivity  region2.v2.argotunnel.com  PASS    QUIC connection successful    |
2026-06-25T08:19:22Z INF |  TCP Connectivity  region1.v2.argotunnel.com  PASS    HTTP/2 connection successful  |
2026-06-25T08:19:22Z INF |  TCP Connectivity  region2.v2.argotunnel.com  PASS    HTTP/2 connection successful  |
2026-06-25T08:19:22Z INF |  Cloudflare API    api.cloudflare.com:443     PASS    API is reachable              |
2026-06-25T08:19:22Z INF |                                                                                     |
2026-06-25T08:19:22Z INF |  SUMMARY: Environment is healthy. cloudflared will use 'quic' as primary protocol.  |
2026-06-25T08:19:22Z INF +-------------------------------------------------------------------------------------+
2026-06-25T08:19:22Z INF precheck component="DNS Resolution" details="DNS Resolved successfully" run_id=a342bd0c-56b4-41ec-bb52-e6787ee28c22 status=pass target=region1.v2.argotunnel.com
2026-06-25T08:19:22Z INF precheck component="DNS Resolution" details="DNS Resolved successfully" run_id=a342bd0c-56b4-41ec-bb52-e6787ee28c22 status=pass target=region2.v2.argotunnel.com
2026-06-25T08:19:22Z INF precheck component="UDP Connectivity" details="QUIC connection successful" run_id=a342bd0c-56b4-41ec-bb52-e6787ee28c22 status=pass target=region1.v2.argotunnel.com
2026-06-25T08:19:22Z INF precheck component="UDP Connectivity" details="QUIC connection successful" run_id=a342bd0c-56b4-41ec-bb52-e6787ee28c22 status=pass target=region2.v2.argotunnel.com
2026-06-25T08:19:22Z INF precheck component="TCP Connectivity" details="HTTP/2 connection successful" run_id=a342bd0c-56b4-41ec-bb52-e6787ee28c22 status=pass target=region1.v2.argotunnel.com
2026-06-25T08:19:22Z INF precheck component="TCP Connectivity" details="HTTP/2 connection successful" run_id=a342bd0c-56b4-41ec-bb52-e6787ee28c22 status=pass target=region2.v2.argotunnel.com
2026-06-25T08:19:22Z INF precheck component="Cloudflare API" details="API is reachable" run_id=a342bd0c-56b4-41ec-bb52-e6787ee28c22 status=pass target=api.cloudflare.com:443
2026-06-25T08:19:22Z INF precheck complete hard_fail=false run_id=a342bd0c-56b4-41ec-bb52-e6787ee28c22 suggested_protocol=quic
